<?xml version="1.0" encoding="UTF-8"?>
<!-- Generated by org.testng.reporters.JUnitXMLReporter -->
<testsuite hostname="Balamurugan" ignored="0" name="Test" tests="2" failures="1" timestamp="29 Sep 2018 06:20:22 GMT" time="28.205" errors="0">
  <testcase name="loginWithValidTestData" time="4.443" classname="testcases.SmokeTestcases">
    <failure type="java.lang.AssertionError" message="The following asserts failed:
	null">
      <![CDATA[java.lang.AssertionError: The following asserts failed:
null
at common.WebDriverGenerics.assertAll(WebDriverGenerics.java:440)
at testcases.SmokeTestcases.loginWithValidTestData(SmokeTestcases.java:26)
... Removed 29 stack frames]]>
    </failure>
  </testcase> <!-- loginWithValidTestData -->
  <testcase name="verifyForgetPasswordLink" time="1.224" classname="testcases.SmokeTestcases"/>
</testsuite> <!-- Test -->
