<?xml version="1.0" encoding="UTF-8"?>
<testng-results skipped="0" failed="1" ignored="0" total="2" passed="1">
  <reporter-output>
    <line>
      <![CDATA[Browser = chrome]]>
    </line>
    <line>
      <![CDATA[URL = https://www.facebook.com/]]>
    </line>
    <line>
      <![CDATA[TestName :: loginWithValidTestData]]>
    </line>
    <line>
      <![CDATA[Test Description ::To validate test login]]>
    </line>
    <line>
      <![CDATA[TestData :: [ExpectedTitle=kalai, userName=Vikas, Password=TestIntellect]]]>
    </line>
    <line>
      <![CDATA[am loginWithValidTestData]]>
    </line>
    <line>
      <![CDATA[sendkeys :: Typed value as ::Vikas]]>
    </line>
    <line>
      <![CDATA[sendkeys :: Typed value as ::TestIntellect]]>
    </line>
    <line>
      <![CDATA[click:: the element clicked]]>
    </line>
    <line>
      <![CDATA[Successfully Logged in]]>
    </line>
    <line>
      <![CDATA[GetTitle:: The ActualTitle is :: Log in to Facebook | Facebook]]>
    </line>
    <line>
      <![CDATA[enterValidCredentials:: Title not matched]]>
    </line>
    <line>
      <![CDATA[SoftAssert Failed]]>
    </line>
    <line>
      <![CDATA[navigate :: the browser has been navigated to the specified url]]>
    </line>
    <line>
      <![CDATA[TestName :: verifyForgetPasswordLink]]>
    </line>
    <line>
      <![CDATA[Test Description ::To validate forget password lin]]>
    </line>
    <line>
      <![CDATA[TestData :: [ExpectedTitle=Forgotten Password | Can't Log In | Facebook]]]>
    </line>
    <line>
      <![CDATA[am verifyForgetPasswordLink]]>
    </line>
    <line>
      <![CDATA[click:: the element clicked]]>
    </line>
    <line>
      <![CDATA[Navigating to forgetPassword Page]]>
    </line>
    <line>
      <![CDATA[GetTitle:: The ActualTitle is :: Forgotten Password | Can't Log In | Facebook]]>
    </line>
    <line>
      <![CDATA[verifyForgetPasswordTitle :: Title matched]]>
    </line>
    <line>
      <![CDATA[SoftAssert Passed]]>
    </line>
    <line>
      <![CDATA[navigate :: the browser has been navigated to the specified url]]>
    </line>
    <line>
      <![CDATA[Quit: the session has been ended]]>
    </line>
  </reporter-output>
  <suite name="Suite" duration-ms="28205" started-at="2018-09-29T06:19:54Z" finished-at="2018-09-29T06:20:22Z">
    <groups>
    </groups>
    <test name="Test" duration-ms="28205" started-at="2018-09-29T06:19:54Z" finished-at="2018-09-29T06:20:22Z">
      <class name="testcases.SmokeTestcases">
        <test-method status="PASS" signature="BeforeSuite()[pri:0, instance:testcases.SmokeTestcases@1e800aaa]" name="BeforeSuite" is-config="true" duration-ms="194" started-at="2018-09-29T06:19:54Z" finished-at="2018-09-29T06:19:54Z">
          <reporter-output>
          </reporter-output>
        </test-method> <!-- BeforeSuite -->
        <test-method status="PASS" signature="startBrowser()[pri:0, instance:testcases.SmokeTestcases@1e800aaa]" name="startBrowser" is-config="true" duration-ms="19009" started-at="2018-09-29T06:19:54Z" finished-at="2018-09-29T06:20:13Z">
          <reporter-output>
            <line>
              <![CDATA[Browser = chrome]]>
            </line>
            <line>
              <![CDATA[URL = https://www.facebook.com/]]>
            </line>
          </reporter-output>
        </test-method> <!-- startBrowser -->
        <test-method status="PASS" signature="beforeMethod()[pri:0, instance:testcases.SmokeTestcases@1e800aaa]" name="beforeMethod" is-config="true" duration-ms="4" started-at="2018-09-29T06:20:13Z" finished-at="2018-09-29T06:20:13Z">
          <reporter-output>
          </reporter-output>
        </test-method> <!-- beforeMethod -->
        <test-method status="FAIL" signature="loginWithValidTestData()[pri:0, instance:testcases.SmokeTestcases@1e800aaa]" name="loginWithValidTestData" duration-ms="4443" started-at="2018-09-29T06:20:13Z" finished-at="2018-09-29T06:20:17Z">
          <exception class="java.lang.AssertionError">
            <message>
              <![CDATA[The following asserts failed:
null]]>
            </message>
            <full-stacktrace>
              <![CDATA[java.lang.AssertionError: The following asserts failed:
null
at org.testng.asserts.SoftAssert.assertAll(SoftAssert.java:43)
at common.WebDriverGenerics.assertAll(WebDriverGenerics.java:440)
at testcases.SmokeTestcases.loginWithValidTestData(SmokeTestcases.java:26)
at sun.reflect.NativeMethodAccessorImpl.invoke0(Native Method)
at sun.reflect.NativeMethodAccessorImpl.invoke(Unknown Source)
at sun.reflect.DelegatingMethodAccessorImpl.invoke(Unknown Source)
at java.lang.reflect.Method.invoke(Unknown Source)
at org.testng.internal.MethodInvocationHelper.invokeMethod(MethodInvocationHelper.java:124)
at org.testng.internal.Invoker.invokeMethod(Invoker.java:580)
at org.testng.internal.Invoker.invokeTestMethod(Invoker.java:716)
at org.testng.internal.Invoker.invokeTestMethods(Invoker.java:988)
at org.testng.internal.TestMethodWorker.invokeTestMethods(TestMethodWorker.java:125)
at org.testng.internal.TestMethodWorker.run(TestMethodWorker.java:109)
at org.testng.TestRunner.privateRun(TestRunner.java:648)
at org.testng.TestRunner.run(TestRunner.java:505)
at org.testng.SuiteRunner.runTest(SuiteRunner.java:455)
at org.testng.SuiteRunner.runSequentially(SuiteRunner.java:450)
at org.testng.SuiteRunner.privateRun(SuiteRunner.java:415)
at org.testng.SuiteRunner.run(SuiteRunner.java:364)
at org.testng.SuiteRunnerWorker.runSuite(SuiteRunnerWorker.java:52)
at org.testng.SuiteRunnerWorker.run(SuiteRunnerWorker.java:84)
at org.testng.TestNG.runSuitesSequentially(TestNG.java:1208)
at org.testng.TestNG.runSuitesLocally(TestNG.java:1137)
at org.testng.TestNG.runSuites(TestNG.java:1049)
at org.testng.TestNG.run(TestNG.java:1017)
at org.apache.maven.surefire.testng.TestNGExecutor.run(TestNGExecutor.java:295)
at org.apache.maven.surefire.testng.TestNGXmlTestSuite.execute(TestNGXmlTestSuite.java:84)
at org.apache.maven.surefire.testng.TestNGProvider.invoke(TestNGProvider.java:90)
at org.apache.maven.surefire.booter.ForkedBooter.invokeProviderInSameClassLoader(ForkedBooter.java:203)
at org.apache.maven.surefire.booter.ForkedBooter.runSuitesInProcess(ForkedBooter.java:155)
at org.apache.maven.surefire.booter.ForkedBooter.main(ForkedBooter.java:103)
]]>
            </full-stacktrace>
          </exception> <!-- java.lang.AssertionError -->
          <reporter-output>
            <line>
              <![CDATA[TestName :: loginWithValidTestData]]>
            </line>
            <line>
              <![CDATA[Test Description ::To validate test login]]>
            </line>
            <line>
              <![CDATA[TestData :: [ExpectedTitle=kalai, userName=Vikas, Password=TestIntellect]]]>
            </line>
            <line>
              <![CDATA[am loginWithValidTestData]]>
            </line>
            <line>
              <![CDATA[sendkeys :: Typed value as ::Vikas]]>
            </line>
            <line>
              <![CDATA[sendkeys :: Typed value as ::TestIntellect]]>
            </line>
            <line>
              <![CDATA[click:: the element clicked]]>
            </line>
            <line>
              <![CDATA[Successfully Logged in]]>
            </line>
            <line>
              <![CDATA[GetTitle:: The ActualTitle is :: Log in to Facebook | Facebook]]>
            </line>
            <line>
              <![CDATA[enterValidCredentials:: Title not matched]]>
            </line>
            <line>
              <![CDATA[SoftAssert Failed]]>
            </line>
          </reporter-output>
        </test-method> <!-- loginWithValidTestData -->
        <test-method status="PASS" signature="aeforeMethod()[pri:0, instance:testcases.SmokeTestcases@1e800aaa]" name="aeforeMethod" is-config="true" duration-ms="1784" started-at="2018-09-29T06:20:17Z" finished-at="2018-09-29T06:20:19Z">
          <reporter-output>
            <line>
              <![CDATA[navigate :: the browser has been navigated to the specified url]]>
            </line>
          </reporter-output>
        </test-method> <!-- aeforeMethod -->
        <test-method status="PASS" signature="beforeMethod()[pri:0, instance:testcases.SmokeTestcases@1e800aaa]" name="beforeMethod" is-config="true" duration-ms="0" started-at="2018-09-29T06:20:19Z" finished-at="2018-09-29T06:20:19Z">
          <reporter-output>
          </reporter-output>
        </test-method> <!-- beforeMethod -->
        <test-method status="PASS" signature="verifyForgetPasswordLink()[pri:0, instance:testcases.SmokeTestcases@1e800aaa]" name="verifyForgetPasswordLink" duration-ms="1224" started-at="2018-09-29T06:20:19Z" finished-at="2018-09-29T06:20:20Z">
          <reporter-output>
            <line>
              <![CDATA[TestName :: verifyForgetPasswordLink]]>
            </line>
            <line>
              <![CDATA[Test Description ::To validate forget password lin]]>
            </line>
            <line>
              <![CDATA[TestData :: [ExpectedTitle=Forgotten Password | Can't Log In | Facebook]]]>
            </line>
            <line>
              <![CDATA[am verifyForgetPasswordLink]]>
            </line>
            <line>
              <![CDATA[click:: the element clicked]]>
            </line>
            <line>
              <![CDATA[Navigating to forgetPassword Page]]>
            </line>
            <line>
              <![CDATA[GetTitle:: The ActualTitle is :: Forgotten Password | Can't Log In | Facebook]]>
            </line>
            <line>
              <![CDATA[verifyForgetPasswordTitle :: Title matched]]>
            </line>
            <line>
              <![CDATA[SoftAssert Passed]]>
            </line>
          </reporter-output>
        </test-method> <!-- verifyForgetPasswordLink -->
        <test-method status="PASS" signature="aeforeMethod()[pri:0, instance:testcases.SmokeTestcases@1e800aaa]" name="aeforeMethod" is-config="true" duration-ms="941" started-at="2018-09-29T06:20:20Z" finished-at="2018-09-29T06:20:21Z">
          <reporter-output>
            <line>
              <![CDATA[navigate :: the browser has been navigated to the specified url]]>
            </line>
          </reporter-output>
        </test-method> <!-- aeforeMethod -->
        <test-method status="PASS" signature="killBrowser()[pri:0, instance:testcases.SmokeTestcases@1e800aaa]" name="killBrowser" is-config="true" duration-ms="772" started-at="2018-09-29T06:20:21Z" finished-at="2018-09-29T06:20:22Z">
          <reporter-output>
            <line>
              <![CDATA[Quit: the session has been ended]]>
            </line>
          </reporter-output>
        </test-method> <!-- killBrowser -->
        <test-method status="PASS" signature="afterSuite()[pri:0, instance:testcases.SmokeTestcases@1e800aaa]" name="afterSuite" is-config="true" duration-ms="722" started-at="2018-09-29T06:20:22Z" finished-at="2018-09-29T06:20:23Z">
          <reporter-output>
          </reporter-output>
        </test-method> <!-- afterSuite -->
      </class> <!-- testcases.SmokeTestcases -->
    </test> <!-- Test -->
  </suite> <!-- Suite -->
</testng-results>
